<?xml version="1.0" encoding="utf-8"?><testsuites name="pytest tests"><testsuite name="pytest" errors="0" failures="0" skipped="7" tests="13" time="4.438" timestamp="2026-02-19T17:32:04.834064+00:00" hostname="agent-env-b532491c-19ee-4762-a90a-738e4678fd75"><testcase classname="backend.tests.test_budget_feature.TestAdminSetup" name="test_check_admin_exists" time="0.373" /><testcase classname="backend.tests.test_budget_feature.TestAuthFlow" name="test_client_registration" time="0.773" /><testcase classname="backend.tests.test_budget_feature.TestProjectBudgetFeature" name="test_01_project_creation_requires_budget" time="0.840" /><testcase classname="backend.tests.test_budget_feature.TestProjectBudgetFeature" name="test_02_project_creation_with_budget" time="0.169" /><testcase classname="backend.tests.test_budget_feature.TestProjectBudgetFeature" name="test_03_client_sees_own_projects_with_budget" time="0.194" /><testcase classname="backend.tests.test_budget_feature.TestProjectBudgetFeature" name="test_04_admin_views_all_projects_with_budget" time="0.618"><skipped type="pytest.skip" message="Could not get admin access">/app/backend/tests/test_budget_feature.py:237: Could not get admin access</skipped></testcase><testcase classname="backend.tests.test_budget_feature.TestProjectBudgetFeature" name="test_05_admin_accepts_budget" time="0.000"><skipped type="pytest.skip" message="Could not get admin access">/app/backend/tests/test_budget_feature.py:257: Could not get admin access</skipped></testcase><testcase classname="backend.tests.test_budget_feature.TestProjectBudgetFeature" name="test_06_admin_counter_proposal_requires_value" time="0.000"><skipped type="pytest.skip" message="Could not get admin access">/app/backend/tests/test_budget_feature.py:293: Could not get admin access</skipped></testcase><testcase classname="backend.tests.test_budget_feature.TestProjectBudgetFeature" name="test_07_admin_counter_proposal_with_value" time="0.000"><skipped type="pytest.skip" message="Could not get admin access">/app/backend/tests/test_budget_feature.py:319: Could not get admin access</skipped></testcase><testcase classname="backend.tests.test_budget_feature.TestProjectBudgetFeature" name="test_08_client_sees_counter_proposal" time="0.000"><skipped type="pytest.skip" message="Could not get admin access">/app/backend/tests/test_budget_feature.py:360: Could not get admin access</skipped></testcase><testcase classname="backend.tests.test_budget_feature.TestContactForm" name="test_contact_form_submission" time="0.226" /><testcase classname="backend.tests.test_budget_feature.TestContactForm" name="test_admin_sees_contacts" time="0.388"><skipped type="pytest.skip" message="No admin access available">/app/backend/tests/test_budget_feature.py:437: No admin access available</skipped></testcase><testcase classname="backend.tests.test_budget_feature.TestInvalidBudgetStatus" name="test_invalid_budget_status_rejected" time="0.739"><skipped type="pytest.skip" message="Could not get admin session">/app/backend/tests/test_budget_feature.py:490: Could not get admin session</skipped></testcase></testsuite></testsuites>