<?xml version="1.0" encoding="utf-8"?><testsuites name="pytest tests"><testsuite name="pytest" errors="0" failures="0" skipped="0" tests="13" time="7.061" timestamp="2026-02-19T17:32:42.924511+00:00" hostname="agent-env-b532491c-19ee-4762-a90a-738e4678fd75"><testcase classname="backend.tests.test_budget_feature.TestAdminSetup" name="test_check_admin_exists" time="0.266" /><testcase classname="backend.tests.test_budget_feature.TestAuthFlow" name="test_client_registration" time="1.100" /><testcase classname="backend.tests.test_budget_feature.TestProjectBudgetFeature" name="test_01_project_creation_requires_budget" time="0.471" /><testcase classname="backend.tests.test_budget_feature.TestProjectBudgetFeature" name="test_02_project_creation_with_budget" time="0.123" /><testcase classname="backend.tests.test_budget_feature.TestProjectBudgetFeature" name="test_03_client_sees_own_projects_with_budget" time="0.133" /><testcase classname="backend.tests.test_budget_feature.TestProjectBudgetFeature" name="test_04_admin_views_all_projects_with_budget" time="0.747" /><testcase classname="backend.tests.test_budget_feature.TestProjectBudgetFeature" name="test_05_admin_accepts_budget" time="0.540" /><testcase classname="backend.tests.test_budget_feature.TestProjectBudgetFeature" name="test_06_admin_counter_proposal_requires_value" time="0.333" /><testcase classname="backend.tests.test_budget_feature.TestProjectBudgetFeature" name="test_07_admin_counter_proposal_with_value" time="0.581" /><testcase classname="backend.tests.test_budget_feature.TestProjectBudgetFeature" name="test_08_client_sees_counter_proposal" time="0.489" /><testcase classname="backend.tests.test_budget_feature.TestContactForm" name="test_contact_form_submission" time="0.122" /><testcase classname="backend.tests.test_budget_feature.TestContactForm" name="test_admin_sees_contacts" time="0.731" /><testcase classname="backend.tests.test_budget_feature.TestInvalidBudgetStatus" name="test_invalid_budget_status_rejected" time="1.353" /></testsuite></testsuites>